Arguments: 
  /home/naceliomb/.asdf/installs/nodejs/16.13.1/bin/node /home/naceliomb/.asdf/installs/nodejs/16.13.1/.npm/bin/yarn add typscript -D

PATH: 
  /home/naceliomb/.asdf/plugins/nodejs/shims:/home/naceliomb/.asdf/installs/nodejs/16.13.1/.npm/bin:/home/naceliomb/.asdf/installs/nodejs/16.13.1/bin:/home/naceliomb/.asdf/shims:/home/naceliomb/.asdf/bin:/home/naceliomb/.vscode-server/bin/f80445acd5a3dadef24aa209168452a3d97cc326/bin/remote-cli:/usr/local/sbin:/usr/local/bin:/usr/sbin:/usr/bin:/sbin:/bin:/usr/games:/usr/local/games:/usr/lib/wsl/lib:/mnt/c/Windows/system32:/mnt/c/Windows:/mnt/c/Windows/System32/Wbem:/mnt/c/Windows/System32/WindowsPowerShell/v1.0/:/mnt/c/Windows/System32/OpenSSH/:/mnt/c/Program Files/NVIDIA Corporation/NVIDIA NvDLISR:/mnt/c/Program Files (x86)/NVIDIA Corporation/PhysX/Common:/mnt/c/Users/nacel/AppData/Local/Microsoft/WindowsApps:/mnt/c/Users/nacel/AppData/Local/Programs/Microsoft VS Code/bin

Yarn version: 
  1.22.17

Node version: 
  16.13.1

Platform: 
  linux x64

Trace: 
  Error: https://registry.yarnpkg.com/typscript: Not found
      at Request.params.callback [as _callback] (/home/naceliomb/.asdf/installs/nodejs/16.13.1/.npm/lib/node_modules/yarn/lib/cli.js:67029:18)
      at Request.self.callback (/home/naceliomb/.asdf/installs/nodejs/16.13.1/.npm/lib/node_modules/yarn/lib/cli.js:140883:22)
      at Request.emit (node:events:390:28)
      at Request.<anonymous> (/home/naceliomb/.asdf/installs/nodejs/16.13.1/.npm/lib/node_modules/yarn/lib/cli.js:141855:10)
      at Request.emit (node:events:390:28)
      at IncomingMessage.<anonymous> (/home/naceliomb/.asdf/installs/nodejs/16.13.1/.npm/lib/node_modules/yarn/lib/cli.js:141777:12)
      at Object.onceWrapper (node:events:509:28)
      at IncomingMessage.emit (node:events:402:35)
      at endReadableNT (node:internal/streams/readable:1343:12)
      at processTicksAndRejections (node:internal/process/task_queues:83:21)

npm manifest: 
  {
    "name": "mars-images",
    "version": "0.0.1",
    "description": "Api in order to facilitate access to images of NASA's rovers on mars.",
    "main": "index.js",
    "author": "Nacelio Barbosa <naceliombdev@gmail.com>",
    "license": "MIT"
  }

yarn manifest: 
  No manifest

Lockfile: 
  No lockfile
